c:\users\usuario\desktop\universidad\voxhead\tmp\debug\vc142.pdb
c:\users\usuario\desktop\universidad\voxhead\tmp\debug\vc142.idb
c:\users\usuario\desktop\universidad\voxhead\tmp\debug\voxhead(c++).obj
c:\users\usuario\desktop\universidad\voxhead\tmp\debug\superzombie.obj
c:\users\usuario\desktop\universidad\voxhead\tmp\debug\puntoscartesianos.obj
c:\users\usuario\desktop\universidad\voxhead\tmp\debug\listazombies.obj
c:\users\usuario\desktop\universidad\voxhead\tmp\debug\listadisparos.obj
c:\users\usuario\desktop\universidad\voxhead\tmp\debug\listacolumnas.obj
c:\users\usuario\desktop\universidad\voxhead\tmp\debug\listabonus.obj
c:\users\usuario\desktop\universidad\voxhead\tmp\debug\tablero.obj
c:\users\usuario\desktop\universidad\voxhead\tmp\debug\jugador.obj
c:\users\usuario\desktop\universidad\voxhead\tmp\debug\interaccion.obj
c:\users\usuario\desktop\universidad\voxhead\tmp\debug\escopeta.obj
c:\users\usuario\desktop\universidad\voxhead\tmp\debug\disparo.obj
c:\users\usuario\desktop\universidad\voxhead\tmp\debug\coordinador.obj
c:\users\usuario\desktop\universidad\voxhead\tmp\debug\columna.obj
c:\users\usuario\desktop\universidad\voxhead\tmp\debug\bonus.obj
c:\users\usuario\desktop\universidad\voxhead\tmp\debug\zombie.obj
c:\users\usuario\desktop\universidad\voxhead\tmp\debug\mundo.obj
c:\users\usuario\desktop\universidad\voxhead\bin\voxhead(c++).exe
c:\users\usuario\desktop\universidad\voxhead\bin\voxhead(c++).ilk
c:\users\usuario\desktop\universidad\voxhead\bin\voxhead(c++).pdb
c:\users\usuario\desktop\universidad\voxhead\tmp\debug\voxhead(c++).tlog\cl.command.1.tlog
c:\users\usuario\desktop\universidad\voxhead\tmp\debug\voxhead(c++).tlog\cl.read.1.tlog
c:\users\usuario\desktop\universidad\voxhead\tmp\debug\voxhead(c++).tlog\cl.write.1.tlog
c:\users\usuario\desktop\universidad\voxhead\tmp\debug\voxhead(c++).tlog\link.command.1.tlog
c:\users\usuario\desktop\universidad\voxhead\tmp\debug\voxhead(c++).tlog\link.read.1.tlog
c:\users\usuario\desktop\universidad\voxhead\tmp\debug\voxhead(c++).tlog\link.write.1.tlog
